<?xml version="1.0" encoding="utf-8" standalone="no"?>
<!--This file represents the results of running a test suite-->
<test-results name="C:\Code\spikes\testing\NQUnit\NQunit.Tests\NQunit.Tests.nunit" total="6" errors="0" failures="0" not-run="0" inconclusive="0" ignored="0" skipped="0" invalid="0" date="2011-12-02" time="10:31:39">
  <environment nunit-version="2.5.10.11092" clr-version="2.0.50727.5448" os-version="Microsoft Windows NT 6.1.7601 Service Pack 1" platform="Win32NT" cwd="C:\Program Files (x86)\NUnit 2.5.10\bin\net-2.0" machine-name="DEVMYOUNG001" user="matthew.young" user-domain="TSO" />
  <culture-info current-culture="en-GB" current-uiculture="en-US" />
  <test-suite type="Project" name="C:\Code\spikes\testing\NQUnit\NQunit.Tests\NQunit.Tests.nunit" executed="True" result="Success" success="True" time="16.697" asserts="0">
    <results>
      <test-suite type="Assembly" name="C:\Code\spikes\testing\NQUnit\NQunit.Tests\bin\Debug\NQunit.Tests.dll" executed="True" result="Success" success="True" time="11.544" asserts="0">
        <results>
          <test-suite type="Namespace" name="NQunit" executed="True" result="Success" success="True" time="11.544" asserts="0">
            <results>
              <test-suite type="Namespace" name="Tests" executed="True" result="Success" success="True" time="11.544" asserts="0">
                <results>
                  <test-suite type="TestFixture" name="HtmlUnitQUnitParserTests" executed="True" result="Success" success="True" time="9.371" asserts="0">
                    <results>
                      <test-case name="NQunit.Tests.HtmlUnitQUnitParserTests.WhenAPageWithResultsIsReturnedTheResultsShouldBeExtracted" executed="True" result="Success" success="True" time="9.368" asserts="10" />
                    </results>
                  </test-suite>
                  <test-suite type="TestFixture" name="ParserFactoryTests" executed="True" result="Success" success="True" time="2.147" asserts="0">
                    <results>
                      <test-suite type="ParameterizedTest" name="ParserFactoryShouldReturnTheCorrectParser" executed="True" result="Success" success="True" time="2.146" asserts="0">
                        <properties>
                          <property name="APARTMENT_STATE" value="STA" />
                        </properties>
                        <results>
                          <test-case name="NQunit.Tests.ParserFactoryTests.ParserFactoryShouldReturnTheCorrectParser(&quot;watin&quot;)" executed="True" result="Success" success="True" time="2.142" asserts="2" />
                          <test-case name="NQunit.Tests.ParserFactoryTests.ParserFactoryShouldReturnTheCorrectParser(&quot;htmlunit&quot;)" executed="True" result="Success" success="True" time="0.000" asserts="2" />
                        </results>
                      </test-suite>
                    </results>
                  </test-suite>
                </results>
              </test-suite>
            </results>
          </test-suite>
        </results>
      </test-suite>
      <test-suite type="Assembly" name="C:\Code\spikes\testing\NQUnit\NQunit.Tests\bin\Debug\NQunit.Tests.dll" executed="True" result="Success" success="True" time="5.137" asserts="0">
        <results>
          <test-suite type="Namespace" name="NQunit" executed="True" result="Success" success="True" time="5.137" asserts="0">
            <results>
              <test-suite type="Namespace" name="Tests" executed="True" result="Success" success="True" time="5.137" asserts="0">
                <results>
                  <test-suite type="TestFixture" name="HtmlUnitQUnitParserTests" executed="True" result="Success" success="True" time="5.028" asserts="0">
                    <results>
                      <test-case name="NQunit.Tests.HtmlUnitQUnitParserTests.WhenAPageWithResultsIsReturnedTheResultsShouldBeExtracted" executed="True" result="Success" success="True" time="5.028" asserts="10" />
                    </results>
                  </test-suite>
                  <test-suite type="TestFixture" name="ParserFactoryTests" executed="True" result="Success" success="True" time="0.109" asserts="0">
                    <results>
                      <test-suite type="ParameterizedTest" name="ParserFactoryShouldReturnTheCorrectParser" executed="True" result="Success" success="True" time="0.109" asserts="0">
                        <properties>
                          <property name="APARTMENT_STATE" value="STA" />
                        </properties>
                        <results>
                          <test-case name="NQunit.Tests.ParserFactoryTests.ParserFactoryShouldReturnTheCorrectParser(&quot;watin&quot;)" executed="True" result="Success" success="True" time="0.109" asserts="2" />
                          <test-case name="NQunit.Tests.ParserFactoryTests.ParserFactoryShouldReturnTheCorrectParser(&quot;htmlunit&quot;)" executed="True" result="Success" success="True" time="0.000" asserts="2" />
                        </results>
                      </test-suite>
                    </results>
                  </test-suite>
                </results>
              </test-suite>
            </results>
          </test-suite>
        </results>
      </test-suite>
    </results>
  </test-suite>
</test-results>